17:02:15.756 [SpringApplicationShutdownHook] INFO  o.s.o.j.LocalContainerEntityManagerFactoryBean - Closing JPA EntityManagerFactory for persistence unit 'default'
17:02:15.758 [SpringApplicationShutdownHook] INFO  com.zaxxer.hikari.HikariDataSource - HikariPool-1 - Shutdown initiated...
17:02:15.760 [SpringApplicationShutdownHook] INFO  com.zaxxer.hikari.HikariDataSource - HikariPool-1 - Shutdown completed.
17:02:19.330 [background-preinit] INFO  o.h.validator.internal.util.Version - HV000001: Hibernate Validator 8.0.1.Final
17:02:19.355 [main] INFO  r.otus.spring.bookstore.BookstoreApp - Starting BookstoreApp using Java 18.0.1.1 with PID 11052 (C:\Users\FMail\IdeaProjects\OTUS\2023-10-otus-spring-Fadeev\homework16\target\classes started by FMail in C:\Users\FMail\IdeaProjects\OTUS\2023-10-otus-spring-Fadeev\homework16)
17:02:19.355 [main] INFO  r.otus.spring.bookstore.BookstoreApp - No active profile set, falling back to 1 default profile: "default"
17:02:19.976 [main] INFO  o.s.d.r.c.RepositoryConfigurationDelegate - Bootstrapping Spring Data JPA repositories in DEFAULT mode.
17:02:20.021 [main] INFO  o.s.d.r.c.RepositoryConfigurationDelegate - Finished Spring Data repository scanning in 40 ms. Found 4 JPA repository interfaces.
17:02:20.431 [main] INFO  o.s.b.w.e.tomcat.TomcatWebServer - Tomcat initialized with port(s): 8080 (http)
17:02:20.437 [main] INFO  o.a.coyote.http11.Http11NioProtocol - Initializing ProtocolHandler ["http-nio-8080"]
17:02:20.438 [main] INFO  o.a.catalina.core.StandardService - Starting service [Tomcat]
17:02:20.438 [main] INFO  o.a.catalina.core.StandardEngine - Starting Servlet engine: [Apache Tomcat/10.1.15]
17:02:20.506 [main] INFO  o.a.c.c.C.[Tomcat].[localhost].[/] - Initializing Spring embedded WebApplicationContext
17:02:20.506 [main] INFO  o.s.b.w.s.c.ServletWebServerApplicationContext - Root WebApplicationContext: initialization completed in 1120 ms
17:02:20.690 [main] INFO  com.zaxxer.hikari.HikariDataSource - HikariPool-1 - Starting...
17:02:20.820 [main] INFO  com.zaxxer.hikari.pool.HikariPool - HikariPool-1 - Added connection conn0: url=jdbc:h2:mem:bookstoredb user=SA
17:02:20.821 [main] INFO  com.zaxxer.hikari.HikariDataSource - HikariPool-1 - Start completed.
17:02:20.864 [main] INFO  liquibase.database - Set default schema name to PUBLIC
17:02:21.009 [main] INFO  liquibase.lockservice - Successfully acquired change log lock
17:02:21.035 [main] INFO  liquibase.changelog - Reading resource: db/changelog/1.0/2023-11-03--0001-schema.sql
17:02:21.042 [main] INFO  liquibase.changelog - Reading resource: db/changelog/1.0/2023-11-03--0002-data.sql
17:02:21.052 [main] INFO  liquibase.changelog - Creating database history table with name: PUBLIC.DATABASECHANGELOG
17:02:21.055 [main] INFO  liquibase.changelog - Reading from PUBLIC.DATABASECHANGELOG
17:02:21.064 [main] INFO  liquibase.command - Using deploymentId: 7570141057
17:02:21.066 [main] INFO  liquibase.changelog - Reading from PUBLIC.DATABASECHANGELOG
17:02:21.104 [main] INFO  liquibase.changelog - Custom SQL executed
17:02:21.104 [main] INFO  liquibase.changelog - ChangeSet db/changelog/1.0/2023-11-03--0001-schema.sql::raw::includeAll ran successfully in 18ms
17:02:21.118 [main] INFO  liquibase.changelog - Custom SQL executed
17:02:21.119 [main] INFO  liquibase.changelog - ChangeSet db/changelog/1.0/2023-11-03--0002-data.sql::raw::includeAll ran successfully in 11ms
17:02:21.122 [main] INFO  liquibase.util - UPDATE SUMMARY
17:02:21.122 [main] INFO  liquibase.util - Run:                          2
17:02:21.122 [main] INFO  liquibase.util - Previously run:               0
17:02:21.122 [main] INFO  liquibase.util - Filtered out:                 0
17:02:21.122 [main] INFO  liquibase.util - -------------------------------
17:02:21.122 [main] INFO  liquibase.util - Total change sets:            2

17:02:21.123 [main] INFO  liquibase.util - Update summary generated
17:02:21.123 [main] INFO  liquibase.command - Update command completed successfully.
17:02:21.124 [main] INFO  liquibase.lockservice - Successfully released change log lock
17:02:21.126 [main] INFO  liquibase.lockservice - Successfully released change log lock
17:02:21.126 [main] INFO  liquibase.command - Command execution complete
17:02:21.179 [main] INFO  o.h.jpa.internal.util.LogHelper - HHH000204: Processing PersistenceUnitInfo [name: default]
17:02:21.223 [main] INFO  org.hibernate.Version - HHH000412: Hibernate ORM core version 6.2.13.Final
17:02:21.224 [main] INFO  org.hibernate.cfg.Environment - HHH000406: Using bytecode reflection optimizer
17:02:21.416 [main] INFO  o.s.o.j.p.SpringPersistenceUnitInfo - No LoadTimeWeaver setup: ignoring JPA class transformer
17:02:22.152 [main] INFO  o.h.e.t.j.p.i.JtaPlatformInitiator - HHH000489: No JTA platform available (set 'hibernate.transaction.jta.platform' to enable JTA platform integration)
17:02:22.154 [main] INFO  o.s.o.j.LocalContainerEntityManagerFactoryBean - Initialized JPA EntityManagerFactory for persistence unit 'default'
17:02:22.648 [main] INFO  o.s.b.a.w.s.WelcomePageHandlerMapping - Adding welcome page template: index
17:02:22.988 [main] INFO  o.s.b.a.e.web.EndpointLinksResolver - Exposing 16 endpoint(s) beneath base path '/actuator'
17:02:23.044 [main] INFO  o.a.coyote.http11.Http11NioProtocol - Starting ProtocolHandler ["http-nio-8080"]
17:02:23.062 [main] INFO  o.s.b.w.e.tomcat.TomcatWebServer - Tomcat started on port(s): 8080 (http) with context path ''
17:02:23.075 [main] INFO  r.otus.spring.bookstore.BookstoreApp - Started BookstoreApp in 3.981 seconds (process running for 4.525)
17:02:23.283 [RMI TCP Connection(3)-192.168.56.1] INFO  o.a.c.c.C.[Tomcat].[localhost].[/] - Initializing Spring DispatcherServlet 'dispatcherServlet'
17:02:23.284 [RMI TCP Connection(3)-192.168.56.1] INFO  o.s.web.servlet.DispatcherServlet - Initializing Servlet 'dispatcherServlet'
17:02:23.284 [RMI TCP Connection(3)-192.168.56.1] INFO  o.s.web.servlet.DispatcherServlet - Completed initialization in 0 ms
17:16:51.586 [SpringApplicationShutdownHook] INFO  o.s.o.j.LocalContainerEntityManagerFactoryBean - Closing JPA EntityManagerFactory for persistence unit 'default'
17:16:51.588 [SpringApplicationShutdownHook] INFO  com.zaxxer.hikari.HikariDataSource - HikariPool-1 - Shutdown initiated...
17:16:51.589 [SpringApplicationShutdownHook] INFO  com.zaxxer.hikari.HikariDataSource - HikariPool-1 - Shutdown completed.
